[2016-08-12 10:36:26] START
[2016-08-12 10:36:26] CREATE test.py: 0
[2016-08-12 10:42:12] CREATE index.py: 0
[2016-08-12 10:44:13] CREATE index/index.html: 0
[2016-08-12 11:52:11] DELETE gap2py/controllers/test.py: -1
[2016-08-12 11:53:08] DELETE gap2py/controllers/default.py: -7
[2016-08-12 11:54:23] CREATE login.py: 0
[2016-08-12 11:55:28] EDIT gap2py/controllers/login.py: 6
[2016-08-12 11:57:44] CREATE login/index.html: 0
[2016-08-12 14:22:14] CREATE skin-config.html: 0
[2016-08-12 14:32:27] EDIT gap2py/views/skin-config.html: 80
[2016-08-12 15:40:46] CREATE setting.py: 0
[2016-08-12 15:48:47] EDIT gap2py/controllers/setting.py: 5
[2016-08-12 15:48:52] EDIT gap2py/controllers/setting.py: 0
[2016-08-12 15:49:33] CREATE setting/index.html: 0
[2016-08-12 15:49:43] EDIT gap2py/views/setting/index.html: 91
[2016-08-12 15:52:28] EDIT gap2py/controllers/setting.py: 0
[2016-08-12 16:20:58] CREATE midnetprod/index.html: 0
[2016-08-13 11:48:29] DELETE gap2py/models/0.py: -18
[2016-08-13 11:48:33] DELETE gap2py/models/db.py: -47
[2016-08-13 11:48:36] DELETE gap2py/models/db_wizard.py: 0
[2016-08-13 11:48:39] DELETE gap2py/models/db_wizard_populate.py: -3
[2016-08-13 11:48:43] DELETE gap2py/models/menu.py: -8
[2016-08-13 12:22:22] EDIT gap2py/controllers/index.py: 0
[2016-08-13 12:26:18] EDIT gap2py/controllers/index.py: 1
[2016-08-13 12:27:12] EDIT gap2py/controllers/index.py: 0
[2016-08-13 12:29:04] EDIT gap2py/controllers/index.py: 1
[2016-08-13 12:29:22] EDIT gap2py/controllers/index.py: 1
[2016-08-13 12:29:29] EDIT gap2py/controllers/index.py: 0
[2016-08-13 12:35:35] EDIT gap2py/controllers/index.py: 2
[2016-08-13 13:02:25] EDIT gap2py/modules/zcommon.py: 0
[2016-08-13 13:04:20] EDIT gap2py/controllers/login.py: -6
[2016-08-13 13:06:42] EDIT gap2py/controllers/index.py: 0
[2016-08-13 13:33:14] EDIT gap2py/controllers/index.py: 9
[2016-08-13 13:35:15] EDIT gap2py/controllers/index.py: 0
[2016-08-13 13:36:14] EDIT gap2py/controllers/index.py: 0
[2016-08-13 13:46:01] EDIT gap2py/views/index/index.html: 0
[2016-08-13 13:49:11] EDIT gap2py/modules/zcommon.py: 5
[2016-08-13 13:56:22] EDIT gap2py/controllers/index.py: 1
[2016-08-13 13:59:26] EDIT gap2py/controllers/index.py: 1
[2016-08-13 14:05:06] EDIT gap2py/modules/zcommon.py: 0
[2016-08-13 14:06:50] EDIT gap2py/controllers/index.py: 2
[2016-08-13 14:11:48] EDIT gap2py/static/db/d.json: 0
[2016-08-13 14:25:17] EDIT gap2py/controllers/index.py: 1
[2016-08-13 14:30:01] EDIT gap2py/controllers/index.py: 1
[2016-08-13 14:35:38] EDIT gap2py/controllers/index.py: 0
[2016-08-13 14:37:43] EDIT gap2py/controllers/index.py: 4
[2016-08-13 14:38:47] EDIT gap2py/controllers/index.py: 1
[2016-08-13 14:40:15] EDIT gap2py/controllers/index.py: -1
[2016-08-13 14:41:07] EDIT gap2py/controllers/index.py: 0
[2016-08-13 14:48:10] EDIT gap2py/controllers/index.py: 1
[2016-08-13 14:51:21] EDIT gap2py/controllers/index.py: 2
[2016-08-13 14:52:51] EDIT gap2py/controllers/index.py: 6
[2016-08-13 14:57:45] EDIT gap2py/controllers/index.py: 3
[2016-08-13 15:04:20] EDIT gap2py/controllers/index.py: 2
[2016-08-13 15:06:33] EDIT gap2py/controllers/index.py: 1
[2016-08-13 15:07:42] EDIT gap2py/controllers/index.py: 1
[2016-08-13 15:08:25] EDIT gap2py/controllers/index.py: 0
[2016-08-13 15:11:44] EDIT gap2py/controllers/index.py: 1
[2016-08-13 15:13:09] EDIT gap2py/controllers/index.py: 1
[2016-08-13 15:14:48] EDIT gap2py/controllers/index.py: -1
[2016-08-13 15:16:45] EDIT gap2py/controllers/index.py: 1
[2016-08-13 15:19:56] EDIT gap2py/controllers/index.py: 1
[2016-08-13 15:29:01] EDIT gap2py/controllers/index.py: 0
[2016-08-13 15:32:00] EDIT gap2py/controllers/index.py: 1
[2016-08-13 15:36:08] EDIT gap2py/static/db/d.json: 0
[2016-08-13 15:50:01] EDIT gap2py/controllers/index.py: 0
[2016-08-13 15:51:38] EDIT gap2py/controllers/index.py: 0
[2016-08-13 15:58:47] EDIT gap2py/static/js/zll.js: 1
[2016-08-13 15:58:57] EDIT gap2py/static/js/zll.js: 1
[2016-08-13 15:59:37] EDIT gap2py/static/js/zll.js: 0
[2016-08-13 16:00:16] EDIT gap2py/static/js/zll.js: 0
[2016-08-13 16:05:08] EDIT gap2py/controllers/index.py: 0
[2016-08-13 16:06:33] EDIT gap2py/controllers/index.py: -1
[2016-08-13 16:08:19] EDIT gap2py/static/js/zll.js: -1
[2016-08-13 16:10:14] EDIT gap2py/static/js/zll.js: 0
[2016-08-13 16:10:54] EDIT gap2py/static/js/zll.js: -1
[2016-08-13 16:31:06] EDIT gap2py/controllers/index.py: -484
[2016-08-13 16:31:19] EDIT gap2py/modules/zcommon.py: 484
[2016-08-13 16:44:14] EDIT gap2py/views/index/index.html: 0
[2016-08-13 16:44:59] EDIT gap2py/controllers/setting.py: 0
[2016-08-13 16:47:07] EDIT gap2py/views/setting/index.html: 23
[2016-08-13 16:49:00] EDIT gap2py/views/index/index.html: 0
[2016-08-13 16:49:43] EDIT gap2py/controllers/setting.py: 0
[2016-08-13 16:50:44] EDIT gap2py/views/setting/index.html: 0
[2016-08-13 16:51:33] EDIT gap2py/views/setting/index.html: -3
[2016-08-13 16:51:54] EDIT gap2py/views/setting/index.html: -4
[2016-08-13 16:52:07] EDIT gap2py/views/setting/index.html: -1
[2016-08-13 16:54:00] EDIT gap2py/controllers/index.py: 0
[2016-08-13 17:00:48] EDIT gap2py/views/setting/index.html: -2
[2016-08-13 17:01:09] EDIT gap2py/views/setting/index.html: 0
[2016-08-13 17:08:55] EDIT gap2py/views/setting/index.html: 26
[2016-08-13 17:09:26] EDIT gap2py/views/setting/index.html: 2
[2016-08-13 17:10:09] EDIT gap2py/static/js/settings.js: -71
[2016-08-13 17:11:38] EDIT gap2py/static/js/settings.js: 2
[2016-08-13 17:17:26] EDIT gap2py/controllers/setting.py: 6
[2016-08-13 17:27:05] EDIT gap2py/static/js/zll.js: 64
[2016-08-13 17:30:39] EDIT gap2py/static/js/zll.js: 1
[2016-08-13 17:35:12] EDIT gap2py/static/js/zll.js: 3
[2016-08-13 17:38:39] EDIT gap2py/static/js/zll.js: 2
[2016-08-13 17:41:41] EDIT gap2py/static/js/zll.js: 0
[2016-08-13 17:43:24] EDIT gap2py/static/js/zll.js: -1
[2016-08-13 17:43:55] EDIT gap2py/static/js/zll.js: 0
[2016-08-13 17:54:21] EDIT gap2py/static/js/zll.js: -7
[2016-08-13 17:59:21] EDIT gap2py/controllers/service.py: -10
[2016-08-13 18:00:48] EDIT gap2py/static/js/zll.js: 0
[2016-08-13 18:02:55] EDIT gap2py/controllers/service.py: 0
[2016-08-14 13:05:54] EDIT gap2py/modules/zcommon.py: -5
[2016-08-14 13:18:16] EDIT gap2py/controllers/setting.py: 17
[2016-08-14 13:23:50] EDIT gap2py/controllers/setting.py: -1
[2016-08-14 13:25:10] EDIT gap2py/controllers/index.py: 0
[2016-08-14 13:25:15] EDIT gap2py/controllers/setting.py: 7
[2016-08-14 13:25:52] EDIT gap2py/controllers/setting.py: 1
[2016-08-14 13:26:03] EDIT gap2py/controllers/setting.py: -19
[2016-08-14 13:26:15] EDIT gap2py/controllers/setting.py: 18
[2016-08-14 13:26:55] EDIT gap2py/controllers/index.py: -1
[2016-08-14 13:28:33] EDIT gap2py/controllers/index.py: -3
[2016-08-14 13:29:15] EDIT gap2py/controllers/setting.py: 1
[2016-08-14 13:30:37] EDIT gap2py/controllers/setting.py: 0
[2016-08-14 13:31:27] EDIT gap2py/controllers/setting.py: 1
[2016-08-14 13:33:01] EDIT gap2py/controllers/setting.py: 1
[2016-08-14 13:34:56] EDIT gap2py/controllers/setting.py: 3
[2016-08-14 13:35:14] EDIT gap2py/controllers/setting.py: 0
[2016-08-14 13:46:03] EDIT gap2py/views/setting/index.html: 1
[2016-08-14 13:46:21] EDIT gap2py/views/setting/index.html: 0
[2016-08-14 13:48:19] EDIT gap2py/views/setting/index.html: -1
[2016-08-14 14:02:01] EDIT gap2py/controllers/setting.py: 4
[2016-08-14 14:12:48] EDIT gap2py/controllers/service.py: 0
[2016-08-14 14:27:47] EDIT gap2py/modules/zcommon.py: 10
[2016-08-14 14:37:23] EDIT gap2py/modules/zcommon.py: 0
[2016-08-14 14:41:11] EDIT gap2py/modules/zcommon.py: 1
[2016-08-14 14:42:09] EDIT gap2py/modules/zcommon.py: -7
[2016-08-14 14:51:23] EDIT gap2py/modules/zcommon.py: 1
[2016-08-14 15:05:37] EDIT gap2py/modules/zcommon.py: 2
[2016-08-14 15:10:28] EDIT gap2py/modules/zcommon.py: 0
[2016-08-14 15:20:53] EDIT gap2py/modules/zcommon.py: 3
[2016-08-14 15:32:43] EDIT gap2py/modules/zcommon.py: 3
[2016-08-14 15:45:22] EDIT gap2py/modules/zcommon.py: -12
[2016-08-14 16:04:30] EDIT gap2py/static/js/zll.js: 0
[2016-08-14 16:05:38] CREATE skin_config.py: 0
[2016-08-14 16:06:20] EDIT gap2py/controllers/skin_config.py: 6
[2016-08-14 16:08:08] EDIT gap2py/controllers/setting.py: 0
[2016-08-14 16:14:15] EDIT gap2py/controllers/index.py: 4
[2016-08-14 16:16:09] EDIT gap2py/controllers/login.py: 0
[2016-08-14 16:16:24] CREATE license.py: 0
[2016-08-14 16:20:19] CREATE license.html: 0
[2016-08-14 16:20:32] CREATE license/index.html: 0
[2016-08-14 16:21:11] DELETE gap2py/views/license.html: -3
[2016-08-14 16:24:09] EDIT gap2py/views/license/index.html: 103
[2016-08-14 16:37:07] EDIT gap2py/controllers/license.py: 46
[2016-08-14 16:38:16] EDIT gap2py/controllers/license.py: -1
[2016-08-14 16:39:06] EDIT gap2py/modules/zcommon.py: 2
[2016-08-14 16:40:01] EDIT gap2py/controllers/index.py: 0
[2016-08-14 16:40:43] EDIT gap2py/controllers/index.py: 2
[2016-08-14 16:41:18] EDIT gap2py/controllers/index.py: 0
[2016-08-14 16:43:47] EDIT gap2py/controllers/index.py: 0
[2016-08-14 16:44:03] EDIT gap2py/controllers/login.py: -2
[2016-08-14 16:48:00] EDIT gap2py/views/license/index.html: 0
[2016-08-14 16:49:13] EDIT gap2py/views/license/index.html: 0
[2016-08-14 16:49:53] EDIT gap2py/views/license/index.html: -2
[2016-08-14 16:50:15] EDIT gap2py/views/license/index.html: 0
[2016-08-14 16:52:58] EDIT gap2py/static/css/pintuer.css: -2
[2016-08-14 16:57:30] EDIT gap2py/views/license/index.html: -4
[2016-08-14 16:58:10] EDIT gap2py/views/license/index.html: 0
[2016-08-14 16:59:55] EDIT gap2py/controllers/license.py: 2
[2016-08-14 17:02:06] EDIT gap2py/controllers/license.py: 2
[2016-08-14 17:02:35] EDIT gap2py/views/license/index.html: 0
[2016-08-14 17:12:18] EDIT gap2py/controllers/license.py: 0
[2016-08-14 17:12:48] EDIT gap2py/controllers/license.py: 0
[2016-08-14 17:13:34] EDIT gap2py/controllers/login.py: -3
[2016-08-14 17:15:14] EDIT gap2py/controllers/login.py: 0
[2016-08-14 17:17:50] EDIT gap2py/controllers/index.py: -57
[2016-08-14 17:19:50] EDIT gap2py/views/license/index.html: 4
[2016-08-14 17:20:02] EDIT gap2py/views/license/index.html: 0
[2016-08-14 17:20:43] EDIT gap2py/views/license/index.html: 1
[2016-08-14 17:20:53] EDIT gap2py/views/license/index.html: 0
[2016-08-14 17:21:02] EDIT gap2py/views/license/index.html: 0
[2016-08-14 17:21:14] EDIT gap2py/views/license/index.html: 0
[2016-08-14 17:21:31] EDIT gap2py/views/license/index.html: 0
[2016-08-14 17:21:52] EDIT gap2py/controllers/license.py: 2
[2016-08-14 17:21:53] EDIT gap2py/controllers/license.py: 0
[2016-08-14 17:21:57] EDIT gap2py/controllers/license.py: 0
[2016-08-14 17:23:12] EDIT gap2py/views/license/index.html: -1
[2016-08-14 17:23:28] EDIT gap2py/views/license/index.html: 1
[2016-08-14 17:24:02] EDIT gap2py/views/license/index.html: 1
[2016-08-14 17:24:26] EDIT gap2py/views/license/index.html: 1
[2016-08-14 17:24:32] EDIT gap2py/views/license/index.html: 0
[2016-08-14 17:24:55] EDIT gap2py/views/license/index.html: 0
[2016-08-14 17:25:47] EDIT gap2py/views/license/index.html: 0
[2016-08-14 17:26:21] EDIT gap2py/views/license/index.html: 0
[2016-08-14 17:28:25] EDIT gap2py/modules/zcommon.py: 24
[2016-08-14 17:31:31] EDIT gap2py/controllers/license.py: -27
[2016-08-14 17:32:08] EDIT gap2py/modules/zcommon.py: 8
[2016-08-14 17:32:18] EDIT gap2py/modules/zcommon.py: 0
[2016-08-14 17:32:55] EDIT gap2py/modules/zcommon.py: 0
[2016-08-14 17:33:26] EDIT gap2py/modules/zcommon.py: 1
[2016-08-14 17:34:50] EDIT gap2py/modules/zcommon.py: 0
[2016-08-14 17:34:54] EDIT gap2py/modules/zcommon.py: 0
[2016-08-14 17:35:46] EDIT gap2py/modules/zcommon.py: 0
[2016-08-14 17:40:14] CREATE default.py: 0
[2016-08-14 17:40:48] EDIT gap2py/controllers/default.py: 1
[2016-08-14 17:40:50] EDIT gap2py/controllers/default.py: 0
[2016-08-14 17:50:58] EDIT gap2py/controllers/service.py: -13
[2016-08-14 17:52:11] EDIT gap2py/modules/zcommon.py: 7
[2016-08-14 17:52:32] EDIT gap2py/modules/zcommon.py: 7
[2016-08-14 17:53:58] EDIT gap2py/controllers/setting.py: 0
[2016-08-14 17:55:49] EDIT gap2py/controllers/setting.py: 0
[2016-08-14 18:04:00] EDIT gap2py/controllers/index.py: 0
[2016-08-14 18:04:18] EDIT gap2py/modules/zcommon.py: 7
[2016-08-14 18:06:42] EDIT gap2py/modules/zcommon.py: 18
[2016-08-14 18:07:24] EDIT gap2py/modules/zcommon.py: 18
[2016-08-14 18:08:24] EDIT gap2py/modules/zcommon.py: 17
[2016-08-14 18:11:55] EDIT gap2py/controllers/license.py: 4
[2016-08-14 18:12:54] EDIT gap2py/controllers/service.py: -16
[2016-08-14 18:15:29] EDIT gap2py/controllers/midnetprod.py: 4
[2016-08-14 18:20:20] EDIT gap2py/views/midnetprod/index.html: 1
[2016-08-14 18:20:34] EDIT gap2py/views/midnetprod/index.html: 0
[2016-08-14 18:23:23] EDIT gap2py/views/setting/index.html: 2
[2016-08-14 18:24:50] EDIT gap2py/views/setting/index.html: 0
[2016-08-14 18:26:24] EDIT gap2py/views/midnetprod/index.html: 0
[2016-08-14 18:36:05] EDIT gap2py/views/license/index.html: 0
[2016-08-15 10:46:17] EDIT gap2py/static/js/zll.js: 0
[2016-08-15 12:12:01] EDIT gap2py/modules/zcommon.py: 1
[2016-08-15 12:14:55] EDIT gap2py/static/js/zll.js: 0
[2016-08-15 12:14:58] EDIT gap2py/static/js/zll.js: 0
[2016-08-15 12:22:00] EDIT gap2py/static/js/zll.js: -16
[2016-08-15 12:22:37] EDIT gap2py/static/js/zll.js: 0
[2016-08-15 12:22:39] EDIT gap2py/static/js/zll.js: 0
[2016-08-15 12:25:26] EDIT gap2py/static/js/zll.js: -1
[2016-08-15 12:28:13] EDIT gap2py/static/js/zll.js: 0
[2016-08-15 12:31:09] EDIT gap2py/modules/zcommon.py: 0
[2014-01-24 20:36:10] DELETE gap2py/controllers/appadmin.py: -583
[2014-01-24 20:38:57] EDIT gap2py/modules/mnLicense.py: 0
[2014-01-24 20:55:58] EDIT gap2py/modules/zcommon.py: -177
[2014-01-24 21:00:37] EDIT gap2py/modules/mnLicense.py: 0
[2014-01-24 21:14:06] EDIT gap2py/modules/zcommon.py: 0
[2014-01-24 21:14:28] EDIT gap2py/modules/zcommon.py: 0
[2014-01-24 21:23:00] EDIT gap2py/controllers/index.py: 0
[2014-01-24 21:23:03] EDIT gap2py/controllers/index.py: 0
[2014-01-24 21:23:21] EDIT gap2py/controllers/index.py: -2
[2014-01-24 21:25:02] EDIT gap2py/controllers/index.py: 0
[2014-01-24 21:25:52] EDIT gap2py/controllers/index.py: 0
[2014-01-24 21:34:49] EDIT gap2py/static/js/zll.js: 0
[2014-01-24 21:40:42] EDIT gap2py/static/js/zll.js: 0
[2014-01-24 21:56:10] EDIT gap2py/modules/zcommon.py: -1
[2014-01-24 21:59:42] EDIT gap2py/controllers/index.py: -2
[2014-01-24 22:24:53] EDIT gap2py/static/js/zll.js: 0
[2014-01-24 22:30:59] EDIT gap2py/modules/zcommon.py: 10
[2014-01-24 22:31:43] EDIT gap2py/modules/zcommon.py: 0
[2014-01-24 22:36:53] EDIT gap2py/modules/zcommon.py: 0
[2014-01-24 22:37:02] EDIT gap2py/modules/zcommon.py: 0
[2014-01-25 16:47:08] EDIT gap2py/static/js/zll.js: 0
[2014-01-25 19:35:19] EDIT gap2py/modules/zcommon.py: 0
[2014-01-25 20:07:06] EDIT gap2py/static/js/zll.js: 0
[2014-01-25 20:07:10] EDIT gap2py/static/js/zll.js: 0
[2014-01-25 20:07:18] EDIT gap2py/static/js/zll.js: 0
[2014-02-11 18:24:18] EDIT gap2py/static/js/zll.js: 0
[2014-02-11 18:24:22] EDIT gap2py/static/js/zll.js: 0
[2014-02-11 19:04:39] EDIT gap2py/modules/zcommon.py: -43
[2014-02-11 19:46:23] EDIT gap2py/modules/zcommon.py: 34
[2014-02-11 19:54:45] EDIT gap2py/modules/zcommon.py: 0
[2014-02-11 22:17:04] EDIT gap2py/modules/zcommon.py: 0
[2014-02-11 22:20:17] EDIT gap2py/modules/zcommon.py: -1
[2014-02-11 22:22:17] EDIT gap2py/modules/zcommon.py: -3
[2014-02-11 22:24:23] EDIT gap2py/modules/zcommon.py: 0
[2016-10-31 15:14:42] EDIT gap2py/modules/zcommon.py: 2
[2016-10-31 15:14:51] EDIT gap2py/modules/zcommon.py: 0
[2016-10-31 15:15:06] EDIT gap2py/modules/zcommon.py: 0
[2016-10-31 15:15:12] EDIT gap2py/modules/zcommon.py: 0
[2016-10-31 15:15:26] EDIT gap2py/modules/mnLicense.py: 0
[2016-10-31 15:16:49] EDIT gap2py/modules/mnLicense.py: 1
[2016-10-31 15:16:54] EDIT gap2py/modules/zcommon.py: 0
[2016-10-31 15:20:35] EDIT gap2py/modules/zcommon.py: 3
